[2025-12-05 17:53:45] [INFO] CSV Log file opened: Factory_Integrated_Log_20251205_175344.csv
[2025-12-05 17:53:45] [INFO] Data collection thread started.
[2025-12-05 17:57:33] [INFO] File writer thread stopped.
[2025-12-05 17:57:33] [INFO] Data collection thread stopped.
[2025-12-05 17:57:33] [INFO] Application exit.
[2025-12-05 17:57:52] [INFO] CSV Log file opened: Factory_Integrated_Log_20251205_175751.csv
[2025-12-05 17:57:52] [INFO] Data collection thread started.
[2025-12-05 17:58:26] [INFO] File writer thread stopped.
[2025-12-05 17:58:26] [INFO] Data collection thread stopped.
[2025-12-05 17:58:26] [INFO] Application exit.
[2025-12-05 17:59:18] [INFO] CSV Log file opened: Factory_Integrated_Log_20251205_175918.csv
[2025-12-05 17:59:18] [INFO] Data collection thread started.
[2025-12-05 17:59:31] [INFO] File writer thread stopped.
[2025-12-05 17:59:31] [INFO] Data collection thread stopped.
[2025-12-05 17:59:31] [INFO] Application exit.
[2025-12-05 18:01:11] [INFO] CSV Log file opened: Factory_Integrated_Log_20251205_180111.csv
[2025-12-05 18:01:11] [INFO] Data collection thread started.
[2025-12-05 18:01:44] [INFO] File writer thread stopped.
[2025-12-05 18:01:44] [INFO] Data collection thread stopped.
[2025-12-05 18:01:44] [INFO] Application exit.
[2025-12-05 18:06:34] [INFO] CSV Log file opened: Factory_Integrated_Log_20251205_180634.csv
[2025-12-05 18:06:34] [INFO] Data collection thread started.
[2025-12-05 18:07:09] [INFO] Data collection thread stopped.
[2025-12-05 18:07:09] [INFO] File writer thread stopped.
[2025-12-05 18:07:09] [INFO] Application exit.
[2025-12-05 18:07:12] [INFO] CSV Log file opened: Factory_Integrated_Log_20251205_180712.csv
[2025-12-05 18:07:12] [INFO] Data collection thread started.
[2025-12-05 18:07:31] [INFO] File writer thread stopped.
[2025-12-05 18:07:32] [INFO] Data collection thread stopped.
[2025-12-05 18:07:32] [INFO] Application exit.
[2025-12-05 18:07:54] [INFO] CSV Log file opened: Factory_Integrated_Log_20251205_180754.csv
[2025-12-05 18:07:54] [INFO] Data collection thread started.
[2025-12-05 18:09:04] [INFO] File writer thread stopped.
[2025-12-05 18:09:04] [INFO] Data collection thread stopped.
[2025-12-05 18:09:04] [INFO] Application exit.
[2025-12-08 08:02:30] [INFO] CSV Log file opened: Factory_Integrated_Log_20251208_080229.csv
[2025-12-08 08:02:30] [INFO] Data collection thread started.
[2025-12-08 08:02:30] [INFO] File writer thread stopped.
[2025-12-08 08:02:31] [INFO] Data collection thread stopped.
[2025-12-08 08:02:31] [INFO] Application exit.
[2025-12-08 08:03:35] [INFO] CSV Log file opened: Factory_Integrated_Log_20251208_080335.csv
[2025-12-08 08:03:35] [INFO] Data collection thread started.
[2025-12-08 08:08:39] [INFO] File writer thread stopped.
[2025-12-08 08:08:39] [INFO] Data collection thread stopped.
[2025-12-08 08:08:39] [INFO] Application exit.
[2025-12-08 08:08:48] [INFO] CSV Log file opened: Factory_Integrated_Log_20251208_080848.csv
[2025-12-08 08:08:48] [INFO] Data collection thread started.
[2025-12-08 08:13:11] [INFO] Data collection thread stopped.
[2025-12-08 08:13:11] [INFO] File writer thread stopped.
[2025-12-08 08:13:11] [INFO] Application exit.
[2025-12-08 08:13:18] [INFO] CSV Log file opened: Factory_Integrated_Log_20251208_081318.csv
[2025-12-08 08:13:18] [INFO] Data collection thread started.
[2025-12-08 08:14:16] [INFO] Data collection thread stopped.
[2025-12-08 08:14:16] [INFO] File writer thread stopped.
[2025-12-08 08:14:16] [INFO] Application exit.
[2025-12-08 08:25:09] [INFO] CSV Log file opened: Factory_Integrated_Log_20251208_082509.csv
[2025-12-08 08:25:09] [INFO] Data collection thread started.
[2025-12-08 08:27:02] [INFO] File writer thread stopped.
[2025-12-08 08:27:02] [INFO] Data collection thread stopped.
[2025-12-08 08:27:02] [INFO] Application exit.
[2025-12-08 08:27:07] [INFO] CSV Log file opened: Factory_Integrated_Log_20251208_082707.csv
[2025-12-08 08:27:07] [INFO] Data collection thread started.
[2025-12-08 08:27:58] [INFO] Data collection thread stopped.
[2025-12-08 08:27:58] [INFO] File writer thread stopped.
[2025-12-08 08:27:58] [INFO] Application exit.
[2025-12-08 08:28:03] [INFO] CSV Log file opened: Factory_Integrated_Log_20251208_082803.csv
[2025-12-08 08:28:03] [INFO] Data collection thread started.
[2025-12-08 08:28:59] [INFO] Shutdown signal received: 2
[2025-12-08 08:28:59] [INFO] File writer thread stopped.
[2025-12-08 08:28:59] [INFO] Data collection thread stopped.
[2025-12-08 08:28:59] [INFO] Application exit.
[2025-12-08 08:29:02] [INFO] CSV Log file opened: Factory_Integrated_Log_20251208_082901.csv
[2025-12-08 08:29:02] [INFO] Data collection thread started.
[2025-12-08 08:30:06] [INFO] File writer thread stopped.
[2025-12-08 08:30:06] [INFO] Data collection thread stopped.
[2025-12-08 08:30:06] [INFO] Application exit.
[2025-12-08 08:36:15] [INFO] CSV Log file opened: Factory_Integrated_Log_20251208_083615.csv
[2025-12-08 08:36:15] [INFO] Data collection thread started.
[2025-12-08 08:36:21] [INFO] Data collection thread stopped.
[2025-12-08 08:36:21] [INFO] File writer thread stopped.
[2025-12-08 08:36:21] [INFO] Application exit.
[2025-12-08 09:28:45] [INFO] CSV Log file opened: C:\Users\user\Desktop\Personal projects\ExtrusionInfo\SmartFactoryLogger\./logs\Factory_Integrated_Log_20251208_092845.csv
[2025-12-08 09:28:45] [INFO] Data collection thread started.
[2025-12-08 09:28:45] [INFO] File writer thread stopped.
[2025-12-08 09:28:46] [INFO] Data collection thread stopped.
[2025-12-08 09:28:46] [INFO] Application exit.
[2025-12-08 09:29:37] [INFO] CSV Log file opened: C:\Users\user\Desktop\Personal projects\ExtrusionInfo\SmartFactoryLogger\./logs\Factory_Integrated_Log_20251208_092937.csv
[2025-12-08 09:29:37] [INFO] Data collection thread started.
[2025-12-08 09:29:37] [INFO] File writer thread stopped.
[2025-12-08 09:29:38] [INFO] Data collection thread stopped.
[2025-12-08 09:29:38] [INFO] Application exit.
[2025-12-08 09:33:26] [INFO] CSV Log file opened: C:\Users\user\Desktop\Personal projects\ExtrusionInfo\SmartFactoryLogger\./logs\Factory_Integrated_Log_20251208_093326.csv
[2025-12-08 09:33:26] [INFO] Data collection thread started.
[2025-12-08 09:35:54] [INFO] File writer thread stopped.
[2025-12-08 09:35:54] [INFO] Data collection thread stopped.
[2025-12-08 09:35:54] [INFO] Application exit.
[2025-12-08 09:37:41] [INFO] CSV Log file opened: C:\Users\user\Desktop\Personal projects\ExtrusionInfo\SmartFactoryLogger\./logs\Factory_Integrated_Log_20251208_093741.csv
[2025-12-08 09:37:41] [INFO] Data collection thread started.
[2025-12-08 09:39:25] [INFO] File writer thread stopped.
[2025-12-08 09:39:25] [INFO] Data collection thread stopped.
[2025-12-08 09:39:25] [INFO] Application exit.
[2025-12-08 09:41:07] [INFO] CSV Log file opened: C:\Users\user\Desktop\Personal projects\ExtrusionInfo\SmartFactoryLogger\./logs\Factory_Integrated_Log_20251208_094107.csv
[2025-12-08 09:41:07] [INFO] Data collection thread started.
[2025-12-08 09:41:31] [INFO] Data collection thread stopped.
[2025-12-08 09:41:31] [INFO] File writer thread stopped.
[2025-12-08 09:41:31] [INFO] Application exit.
[2025-12-08 09:45:55] [INFO] CSV Log file opened: C:\Users\user\Desktop\Personal projects\ExtrusionInfo\SmartFactoryLogger\./logs\Factory_Integrated_Log_20251208_094555.csv
[2025-12-08 09:45:55] [INFO] Data collection thread started.
[2025-12-08 09:47:26] [INFO] Data collection thread stopped.
[2025-12-08 09:47:26] [INFO] File writer thread stopped.
[2025-12-08 09:47:26] [INFO] Application exit.
[2025-12-08 09:47:30] [INFO] CSV Log file opened: C:\Users\user\Desktop\Personal projects\ExtrusionInfo\SmartFactoryLogger\./logs\Factory_Integrated_Log_20251208_094730.csv
[2025-12-08 09:47:30] [INFO] Data collection thread started.
[2025-12-08 09:50:33] [INFO] Data collection thread stopped.
[2025-12-08 09:50:33] [INFO] File writer thread stopped.
[2025-12-08 09:50:33] [INFO] Application exit.
[2025-12-08 09:51:25] [INFO] CSV Log file opened: C:\Users\user\Desktop\Personal projects\ExtrusionInfo\SmartFactoryLogger\./logs\Factory_Integrated_Log_20251208_095125.csv
[2025-12-08 09:51:25] [INFO] Data collection thread started.
[2025-12-08 09:52:38] [INFO] File writer thread stopped.
[2025-12-08 09:52:38] [INFO] Data collection thread stopped.
[2025-12-08 09:52:38] [INFO] Application exit.
[2025-12-08 09:53:34] [INFO] CSV Log file opened: C:\Users\user\Desktop\Personal projects\ExtrusionInfo\SmartFactoryLogger\./logs\Factory_Integrated_Log_20251208_095333.csv
[2025-12-08 09:53:34] [INFO] Data collection thread started.
[2025-12-08 09:55:17] [INFO] File writer thread stopped.
[2025-12-08 09:55:17] [INFO] Data collection thread stopped.
[2025-12-08 09:55:17] [INFO] Application exit.
[2025-12-08 10:01:39] [INFO] CSV Log file opened: C:\Users\user\Desktop\Personal projects\ExtrusionInfo\SmartFactoryLogger\./logs\Factory_Integrated_Log_20251208_100139.csv
[2025-12-08 10:01:39] [INFO] Data collection thread started.
[2025-12-08 10:04:47] [INFO] File writer thread stopped.
[2025-12-08 10:04:47] [INFO] Data collection thread stopped.
[2025-12-08 10:04:47] [INFO] Application exit.
[2025-12-08 10:04:51] [INFO] CSV Log file opened: C:\Users\user\Desktop\Personal projects\ExtrusionInfo\SmartFactoryLogger\./logs\Factory_Integrated_Log_20251208_100451.csv
[2025-12-08 10:04:51] [INFO] Data collection thread started.
[2025-12-08 10:08:27] [INFO] Shutdown signal received: 2
[2025-12-08 10:08:27] [INFO] File writer thread stopped.
[2025-12-08 10:08:27] [INFO] Data collection thread stopped.
[2025-12-08 10:08:27] [INFO] Application exit.
[2025-12-08 10:08:29] [INFO] CSV Log file opened: C:\Users\user\Desktop\Personal projects\ExtrusionInfo\SmartFactoryLogger\./logs\Factory_Integrated_Log_20251208_100829.csv
[2025-12-08 10:08:29] [INFO] Data collection thread started.
[2025-12-08 10:10:33] [INFO] Data collection thread stopped.
[2025-12-08 10:10:33] [INFO] File writer thread stopped.
[2025-12-08 10:10:33] [INFO] Application exit.
[2025-12-08 10:17:06] [INFO] CSV Log file opened: C:\Users\user\Desktop\Personal projects\ExtrusionInfo\SmartFactoryLogger\./logs\Factory_Integrated_Log_20251208_101706.csv
[2025-12-08 10:17:06] [INFO] Data collection thread started.
[2025-12-08 10:17:09] [INFO] Data collection thread stopped.
[2025-12-08 10:17:09] [INFO] File writer thread stopped.
[2025-12-08 10:17:09] [INFO] Application exit.
[2025-12-08 10:30:03] [INFO] CSV Log file opened: C:\Users\user\Documents\GitHub\SmartFactoryLogger\./logs\Factory_Integrated_Log_20251208_103003.csv
[2025-12-08 10:30:03] [INFO] Data collection thread started.
[2025-12-08 10:30:06] [INFO] File writer thread stopped.
[2025-12-08 10:30:06] [INFO] Data collection thread stopped.
[2025-12-08 10:30:06] [INFO] Application exit.
[2025-12-08 10:32:27] [INFO] CSV Log file opened: C:\Users\user\Documents\GitHub\SmartFactoryLogger\./logs\Factory_Integrated_Log_20251208_103227.csv
[2025-12-08 10:32:27] [INFO] Data collection thread started.
[2025-12-08 10:32:46] [INFO] File writer thread stopped.
[2025-12-08 10:32:46] [INFO] Data collection thread stopped.
[2025-12-08 10:32:46] [INFO] Application exit.
[2025-12-08 10:42:53] [INFO] CSV Log file opened: C:\Users\user\Documents\GitHub\SmartFactoryLogger\./logs\Factory_Integrated_Log_20251208_104253.csv
[2025-12-08 10:42:53] [INFO] Data collection thread started.
[2025-12-08 10:45:52] [INFO] Shutdown signal received: 2
[2025-12-08 10:45:52] [INFO] File writer thread stopped.
[2025-12-08 10:45:52] [INFO] Data collection thread stopped.
[2025-12-08 10:45:52] [INFO] Application exit.
[2025-12-08 10:46:06] [INFO] CSV Log file opened: C:\Users\user\Documents\GitHub\SmartFactoryLogger\./logs\Factory_Integrated_Log_20251208_104606.csv
[2025-12-08 10:46:06] [INFO] Data collection thread started.
[2025-12-08 10:48:36] [INFO] Shutdown signal received: 2
[2025-12-08 10:48:36] [INFO] File writer thread stopped.
[2025-12-08 10:48:36] [INFO] Data collection thread stopped.
[2025-12-08 10:48:36] [INFO] Application exit.
[2025-12-08 10:48:40] [INFO] CSV Log file opened: C:\Users\user\Documents\GitHub\SmartFactoryLogger\./logs\Factory_Integrated_Log_20251208_104840.csv
[2025-12-08 10:48:40] [INFO] Data collection thread started.
[2025-12-08 10:49:02] [INFO] File writer thread stopped.
[2025-12-08 10:49:02] [INFO] Data collection thread stopped.
[2025-12-08 10:49:02] [INFO] Application exit.
[2025-12-08 10:49:04] [INFO] CSV Log file opened: C:\Users\user\Documents\GitHub\SmartFactoryLogger\./logs\Factory_Integrated_Log_20251208_104904.csv
[2025-12-08 10:49:04] [INFO] Data collection thread started.
[2025-12-08 10:50:10] [INFO] Data collection thread stopped.
[2025-12-08 10:50:10] [INFO] File writer thread stopped.
[2025-12-08 10:50:10] [INFO] Application exit.
[2025-12-08 10:50:12] [INFO] CSV Log file opened: C:\Users\user\Documents\GitHub\SmartFactoryLogger\./logs\Factory_Integrated_Log_20251208_105012.csv
[2025-12-08 10:50:12] [INFO] Data collection thread started.
[2025-12-08 10:50:59] [INFO] Data collection thread stopped.
[2025-12-08 10:50:59] [INFO] File writer thread stopped.
[2025-12-08 10:50:59] [INFO] Application exit.
[2025-12-08 10:51:03] [INFO] CSV Log file opened: C:\Users\user\Documents\GitHub\SmartFactoryLogger\./logs\Factory_Integrated_Log_20251208_105103.csv
[2025-12-08 10:51:03] [INFO] Data collection thread started.
[2025-12-08 10:51:38] [INFO] Data collection thread stopped.
[2025-12-08 10:51:38] [INFO] File writer thread stopped.
[2025-12-08 10:51:38] [INFO] Application exit.
[2025-12-08 10:51:40] [INFO] CSV Log file opened: C:\Users\user\Documents\GitHub\SmartFactoryLogger\./logs\Factory_Integrated_Log_20251208_105140.csv
[2025-12-08 10:51:40] [INFO] Data collection thread started.
[2025-12-08 10:52:37] [INFO] File writer thread stopped.
[2025-12-08 10:52:37] [INFO] Data collection thread stopped.
[2025-12-08 10:52:37] [INFO] Application exit.
[2025-12-08 10:54:25] [INFO] CSV Log file opened: C:\Users\user\Documents\GitHub\SmartFactoryLogger\./logs\Factory_Integrated_Log_20251208_105424.csv
[2025-12-08 10:54:25] [INFO] Data collection thread started.
[2025-12-08 11:00:51] [INFO] Shutdown signal received: 2
[2025-12-08 11:00:51] [INFO] File writer thread stopped.
[2025-12-08 11:00:51] [INFO] Data collection thread stopped.
[2025-12-08 11:00:51] [INFO] Application exit.
[2025-12-08 11:01:12] [INFO] CSV Log file opened: C:\Users\user\Documents\GitHub\SmartFactoryLogger\./logs\Factory_Integrated_Log_20251208_110112.csv
[2025-12-08 11:01:12] [INFO] Data collection thread started.
[2025-12-08 11:01:47] [INFO] File writer thread stopped.
[2025-12-08 11:01:47] [INFO] Data collection thread stopped.
[2025-12-08 11:01:47] [INFO] Application exit.
[2025-12-08 11:02:12] [INFO] CSV Log file opened: C:\Users\user\Documents\GitHub\SmartFactoryLogger\./logs\Factory_Integrated_Log_20251208_110211.csv
[2025-12-08 11:02:12] [INFO] Data collection thread started.
[2025-12-08 11:02:34] [INFO] File writer thread stopped.
[2025-12-08 11:02:34] [INFO] Data collection thread stopped.
[2025-12-08 11:02:34] [INFO] Application exit.
[2025-12-08 11:03:14] [INFO] CSV Log file opened: C:\Users\user\Documents\GitHub\SmartFactoryLogger\./logs\Factory_Integrated_Log_20251208_110314.csv
[2025-12-08 11:03:14] [INFO] Data collection thread started.
[2025-12-08 11:06:28] [INFO] Shutdown signal received: 2
[2025-12-08 11:06:28] [INFO] File writer thread stopped.
[2025-12-08 11:06:29] [INFO] Data collection thread stopped.
[2025-12-08 11:06:29] [INFO] Application exit.
[2025-12-08 11:06:34] [INFO] CSV Log file opened: C:\Users\user\Documents\GitHub\SmartFactoryLogger\./logs\Factory_Integrated_Log_20251208_110634.csv
[2025-12-08 11:06:34] [INFO] Data collection thread started.
[2025-12-08 11:10:06] [INFO] File writer thread stopped.
[2025-12-08 11:10:06] [INFO] Data collection thread stopped.
[2025-12-08 11:10:06] [INFO] Application exit.
[2025-12-08 11:13:14] [INFO] CSV Log file opened: C:\Users\user\Documents\GitHub\SmartFactoryLogger\./logs\Factory_Integrated_Log_20251208_111314.csv
[2025-12-08 11:13:14] [INFO] Data collection thread started.
[2025-12-08 11:14:17] [INFO] File writer thread stopped.
[2025-12-08 11:14:17] [INFO] Data collection thread stopped.
[2025-12-08 11:14:17] [INFO] Application exit.
[2025-12-08 11:22:36] [INFO] CSV Log file opened: C:\Users\user\Documents\GitHub\SmartFactoryLogger\./logs\Factory_Integrated_Log_20251208_112236.csv
[2025-12-08 11:22:36] [INFO] Data collection thread started.
[2025-12-08 11:24:50] [INFO] Data collection thread stopped.
[2025-12-08 11:24:50] [INFO] File writer thread stopped.
[2025-12-08 11:24:50] [INFO] Application exit.
[2025-12-08 11:25:30] [INFO] CSV Log file opened: C:\Users\user\Documents\GitHub\SmartFactoryLogger\./logs\Factory_Integrated_Log_20251208_112530.csv
[2025-12-08 11:25:30] [INFO] Data collection thread started.
[2025-12-08 11:25:39] [INFO] File writer thread stopped.
[2025-12-08 11:25:40] [INFO] Data collection thread stopped.
[2025-12-08 11:25:40] [INFO] Application exit.
[2025-12-08 11:27:41] [INFO] CSV Log file opened: C:\Users\user\Documents\GitHub\SmartFactoryLogger\./logs\Factory_Integrated_Log_20251208_112741.csv
[2025-12-08 11:27:41] [INFO] Data collection thread started.
[2025-12-08 11:28:25] [INFO] File writer thread stopped.
[2025-12-08 11:28:25] [INFO] Data collection thread stopped.
[2025-12-08 11:28:25] [INFO] Application exit.
[2025-12-08 11:33:16] [INFO] CSV Log file opened: C:\Users\user\Documents\GitHub\SmartFactoryLogger\./logs\Factory_Integrated_Log_20251208_113316.csv
[2025-12-08 11:33:16] [INFO] Data collection thread started.
[2025-12-08 11:33:33] [INFO] File writer thread stopped.
[2025-12-08 11:33:33] [INFO] Data collection thread stopped.
[2025-12-08 11:33:33] [INFO] Application exit.
[2025-12-08 11:39:32] [INFO] CSV Log file opened: C:\Users\user\Documents\GitHub\SmartFactoryLogger\./logs\Factory_Integrated_Log_20251208_113932.csv
[2025-12-08 11:39:32] [INFO] Data collection thread started.
[2025-12-08 11:39:39] [INFO] File writer thread stopped.
[2025-12-08 11:39:39] [INFO] Data collection thread stopped.
[2025-12-08 11:39:39] [INFO] Application exit.
[2025-12-08 13:56:34] [INFO] CSV Log file opened: C:\Users\user\Documents\GitHub\SmartFactoryLogger\./logs\Factory_Integrated_Log_20251208_135634.csv
[2025-12-08 13:56:34] [INFO] Data collection thread started.
[2025-12-08 13:56:42] [INFO] File writer thread stopped.
[2025-12-08 13:56:42] [INFO] Data collection thread stopped.
[2025-12-08 13:56:42] [INFO] Application exit.
[2025-12-08 13:56:48] [INFO] CSV Log file opened: C:\Users\user\Documents\GitHub\SmartFactoryLogger\./logs\Factory_Integrated_Log_20251208_135648.csv
[2025-12-08 13:56:48] [INFO] Data collection thread started.
[2025-12-08 13:56:56] [INFO] File writer thread stopped.
[2025-12-08 13:56:57] [INFO] Data collection thread stopped.
[2025-12-08 13:56:57] [INFO] Application exit.
[2025-12-08 13:56:59] [INFO] CSV Log file opened: C:\Users\user\Documents\GitHub\SmartFactoryLogger\./logs\Factory_Integrated_Log_20251208_135659.csv
[2025-12-08 13:56:59] [INFO] Data collection thread started.
[2025-12-08 13:57:05] [INFO] File writer thread stopped.
[2025-12-08 13:57:05] [INFO] Data collection thread stopped.
[2025-12-08 13:57:05] [INFO] Application exit.
[2025-12-08 14:00:41] [INFO] CSV Log file opened: C:\Users\user\Documents\GitHub\SmartFactoryLogger\./logs\Factory_Integrated_Log_20251208_140041.csv
[2025-12-08 14:00:41] [INFO] Data collection thread started.
[2025-12-08 14:00:53] [INFO] File writer thread stopped.
[2025-12-08 14:00:53] [INFO] Data collection thread stopped.
[2025-12-08 14:00:53] [INFO] Application exit.
[2025-12-08 14:02:15] [INFO] CSV Log file opened: C:\Users\user\Documents\GitHub\SmartFactoryLogger\./logs\Factory_Integrated_Log_20251208_140214.csv
[2025-12-08 14:02:15] [INFO] Data collection thread started.
[2025-12-08 14:02:26] [INFO] File writer thread stopped.
[2025-12-08 14:02:26] [INFO] Data collection thread stopped.
[2025-12-08 14:02:26] [INFO] Application exit.
[2025-12-08 14:02:29] [INFO] CSV Log file opened: C:\Users\user\Documents\GitHub\SmartFactoryLogger\./logs\Factory_Integrated_Log_20251208_140229.csv
[2025-12-08 14:02:29] [INFO] Data collection thread started.
[2025-12-08 14:02:43] [INFO] File writer thread stopped.
[2025-12-08 14:02:43] [INFO] Data collection thread stopped.
[2025-12-08 14:02:43] [INFO] Application exit.
[2025-12-08 14:02:50] [INFO] CSV Log file opened: C:\Users\user\Documents\GitHub\SmartFactoryLogger\./logs\Factory_Integrated_Log_20251208_140249.csv
[2025-12-08 14:02:50] [INFO] Data collection thread started.
[2025-12-08 14:03:00] [INFO] Data collection thread stopped.
[2025-12-08 14:03:00] [INFO] File writer thread stopped.
[2025-12-08 14:03:00] [INFO] Application exit.
[2025-12-08 14:08:32] [INFO] CSV Log file opened: C:\Users\user\Documents\GitHub\SmartFactoryLogger\./logs\Factory_Integrated_Log_20251208_140832.csv
[2025-12-08 14:08:32] [INFO] Data collection thread started.
[2025-12-08 14:08:41] [INFO] File writer thread stopped.
[2025-12-08 14:08:41] [INFO] Data collection thread stopped.
[2025-12-08 14:08:41] [INFO] Application exit.
[2025-12-08 14:10:02] [INFO] CSV Log file opened: C:\Users\user\Documents\GitHub\SmartFactoryLogger\./logs\Factory_Integrated_Log_20251208_141002.csv
[2025-12-08 14:10:02] [INFO] Data collection thread started.
[2025-12-08 14:10:27] [INFO] File writer thread stopped.
[2025-12-08 14:10:28] [INFO] Data collection thread stopped.
[2025-12-08 14:10:28] [INFO] Application exit.
[2025-12-08 14:12:39] [INFO] CSV Log file opened: C:\Users\user\Documents\GitHub\SmartFactoryLogger\./logs\Factory_Integrated_Log_20251208_141239.csv
[2025-12-08 14:12:39] [INFO] Data collection thread started.
[2025-12-08 14:16:23] [INFO] Shutdown signal received: 2
[2025-12-08 14:16:23] [INFO] File writer thread stopped.
[2025-12-08 14:16:23] [INFO] Data collection thread stopped.
[2025-12-08 14:16:23] [INFO] Application exit.
[2025-12-08 14:16:26] [INFO] CSV Log file opened: C:\Users\user\Documents\GitHub\SmartFactoryLogger\./logs\Factory_Integrated_Log_20251208_141626.csv
[2025-12-08 14:16:26] [INFO] Data collection thread started.
[2025-12-08 14:16:37] [INFO] Data collection thread stopped.
[2025-12-08 14:16:37] [INFO] File writer thread stopped.
[2025-12-08 14:16:37] [INFO] Application exit.
[2025-12-08 14:28:10] [INFO] CSV Log file opened: C:\Users\user\Documents\GitHub\SmartFactoryLogger\./logs\Factory_Integrated_Log_20251208_142810.csv
[2025-12-08 14:28:10] [INFO] Data collection thread started.
[2025-12-08 14:36:15] [INFO] File writer thread stopped.
[2025-12-08 14:36:15] [INFO] Data collection thread stopped.
[2025-12-08 14:36:15] [INFO] Application exit.
[2025-12-08 14:37:04] [INFO] CSV Log file opened: C:\Users\user\Documents\GitHub\SmartFactoryLogger\./logs\Factory_Integrated_Log_20251208_143704.csv
[2025-12-08 14:37:04] [INFO] Data collection thread started.
[2025-12-08 14:39:12] [INFO] File writer thread stopped.
[2025-12-08 14:39:12] [INFO] Data collection thread stopped.
[2025-12-08 14:39:12] [INFO] Application exit.
[2025-12-08 14:39:45] [INFO] CSV Log file opened: C:\Users\user\Documents\GitHub\SmartFactoryLogger\./logs\Factory_Integrated_Log_20251208_143945.csv
[2025-12-08 14:39:45] [INFO] Data collection thread started.
[2025-12-08 14:41:31] [INFO] Shutdown signal received: 2
[2025-12-08 14:41:31] [INFO] File writer thread stopped.
[2025-12-08 14:41:32] [INFO] Data collection thread stopped.
[2025-12-08 14:41:32] [INFO] Application exit.
[2025-12-08 14:56:13] [INFO] CSV Log file opened: C:\Users\user\Documents\GitHub\SmartFactoryLogger\./logs\Factory_Integrated_Log_20251208_145613.csv
[2025-12-08 14:56:13] [INFO] Data collection thread started.
[2025-12-08 14:57:25] [INFO] Data collection thread stopped.
[2025-12-08 14:57:25] [INFO] File writer thread stopped.
[2025-12-08 14:57:25] [INFO] Application exit.
[2025-12-08 14:57:56] [INFO] CSV Log file opened: C:\Users\user\Documents\GitHub\SmartFactoryLogger\./logs\Factory_Integrated_Log_20251208_145756.csv
[2025-12-08 14:57:56] [INFO] Data collection thread started.
[2025-12-08 14:58:26] [INFO] Data collection thread stopped.
[2025-12-08 14:58:26] [INFO] File writer thread stopped.
[2025-12-08 14:58:26] [INFO] Application exit.
[2025-12-08 14:59:28] [INFO] CSV Log file opened: C:\Users\user\Documents\GitHub\SmartFactoryLogger\./logs\Factory_Integrated_Log_20251208_145928.csv
[2025-12-08 14:59:28] [INFO] Data collection thread started.
[2025-12-08 15:00:41] [INFO] Data collection thread stopped.
[2025-12-08 15:00:41] [INFO] File writer thread stopped.
[2025-12-08 15:00:41] [INFO] Application exit.
[2025-12-08 15:00:45] [INFO] CSV Log file opened: C:\Users\user\Documents\GitHub\SmartFactoryLogger\./logs\Factory_Integrated_Log_20251208_150045.csv
[2025-12-08 15:00:45] [INFO] Data collection thread started.
[2025-12-08 15:01:02] [INFO] File writer thread stopped.
[2025-12-08 15:01:02] [INFO] Data collection thread stopped.
[2025-12-08 15:01:02] [INFO] Application exit.
[2025-12-08 15:01:05] [INFO] CSV Log file opened: C:\Users\user\Documents\GitHub\SmartFactoryLogger\./logs\Factory_Integrated_Log_20251208_150105.csv
[2025-12-08 15:01:05] [INFO] Data collection thread started.
[2025-12-08 15:01:20] [INFO] Data collection thread stopped.
[2025-12-08 15:01:20] [INFO] File writer thread stopped.
[2025-12-08 15:01:20] [INFO] Application exit.
[2025-12-08 15:01:23] [INFO] CSV Log file opened: C:\Users\user\Documents\GitHub\SmartFactoryLogger\./logs\Factory_Integrated_Log_20251208_150123.csv
[2025-12-08 15:01:23] [INFO] Data collection thread started.
[2025-12-08 15:01:32] [INFO] Data collection thread stopped.
[2025-12-08 15:01:32] [INFO] File writer thread stopped.
[2025-12-08 15:01:32] [INFO] Application exit.
[2025-12-08 15:01:34] [INFO] CSV Log file opened: C:\Users\user\Documents\GitHub\SmartFactoryLogger\./logs\Factory_Integrated_Log_20251208_150134.csv
[2025-12-08 15:01:34] [INFO] Data collection thread started.
[2025-12-08 15:01:42] [INFO] File writer thread stopped.
[2025-12-08 15:01:42] [INFO] Data collection thread stopped.
[2025-12-08 15:01:42] [INFO] Application exit.
[2025-12-08 15:01:45] [INFO] CSV Log file opened: C:\Users\user\Documents\GitHub\SmartFactoryLogger\./logs\Factory_Integrated_Log_20251208_150145.csv
[2025-12-08 15:01:45] [INFO] Data collection thread started.
[2025-12-08 15:03:03] [INFO] File writer thread stopped.
[2025-12-08 15:03:03] [INFO] Data collection thread stopped.
[2025-12-08 15:03:03] [INFO] Application exit.
[2025-12-08 15:04:37] [INFO] CSV Log file opened: C:\Users\user\Documents\GitHub\SmartFactoryLogger\./logs\Factory_Integrated_Log_20251208_150437.csv
[2025-12-08 15:04:37] [INFO] Data collection thread started.
[2025-12-08 15:04:47] [INFO] Data collection thread stopped.
[2025-12-08 15:04:47] [INFO] File writer thread stopped.
[2025-12-08 15:04:47] [INFO] Application exit.
[2025-12-08 15:30:09] [INFO] CSV Log file opened: C:\Users\user\Documents\GitHub\SmartFactoryLogger\./logs\Factory_Integrated_Log_20251208_153009.csv
[2025-12-08 15:30:09] [INFO] Data collection thread started.
[2025-12-08 15:30:48] [INFO] Data collection thread stopped.
[2025-12-08 15:30:48] [INFO] File writer thread stopped.
[2025-12-08 15:30:48] [INFO] Application exit.
[2025-12-08 15:31:42] [INFO] CSV Log file opened: C:\Users\user\Documents\GitHub\SmartFactoryLogger\./logs\Factory_Integrated_Log_20251208_153142.csv
[2025-12-08 15:31:42] [INFO] Data collection thread started.
[2025-12-08 15:31:46] [INFO] File writer thread stopped.
[2025-12-08 15:31:46] [INFO] Data collection thread stopped.
[2025-12-08 15:31:46] [INFO] Application exit.
[2025-12-08 16:02:14] [INFO] CSV Log file opened: C:\Users\user\Documents\GitHub\SmartFactoryLogger\./logs\Factory_Integrated_Log_20251208_160214.csv
[2025-12-08 16:02:14] [INFO] Data collection thread started.
[2025-12-08 16:02:17] [INFO] File writer thread stopped.
[2025-12-08 16:02:17] [INFO] Data collection thread stopped.
[2025-12-08 16:02:17] [INFO] Application exit.
